  adler32.c
  compress.c
  crc32.c
  deflate.c
  gzclose.c
  gzlib.c
  gzread.c
  gzwrite.c
  infback.c
  inffast.c
  inflate.c
gzwrite.c(212): warning C4267: '=': conversion from 'size_t' to 'unsigned int', possible loss of data
gzwrite.c(232): warning C4267: '=': conversion from 'size_t' to 'unsigned int', possible loss of data
gzread.c(319): warning C4267: '=': conversion from 'size_t' to 'unsigned int', possible loss of data
gzread.c(400): warning C4267: '=': conversion from 'size_t' to 'unsigned int', possible loss of data
gzwrite.c(371): warning C4267: '=': conversion from 'size_t' to 'int', possible loss of data
gzread.c(472): warning C4267: '=': conversion from 'size_t' to 'int', possible loss of data
  inftrees.c
  trees.c
  uncompr.c
  zutil.c
  zlib.vcxproj -> C:\Dev\GIT\pcsx3\\libs\Release\zlib.lib
